<?xml version="1.0" encoding="UTF-8"?>
<testsuite xmlns:xsi="http://www.w3.org/2001/XMLSchema-instance" xsi:noNamespaceSchemaLocation="https://maven.apache.org/surefire/maven-surefire-plugin/xsd/surefire-test-report-3.0.xsd" version="3.0" name="sorting.test.StudentSortingTest" time="0.103" tests="58" errors="0" skipped="0" failures="0">
  <properties>
    <property name="java.specification.version" value="22"/>
    <property name="sun.cpu.isalist" value="amd64"/>
    <property name="sun.jnu.encoding" value="Cp1252"/>
    <property name="java.class.path" value="C:\Users\RR\Documents\roteiro-leda-01\R01-01-Rot-SimpleSorting-Bidirectional-Bubble-environment\target\test-classes;C:\Users\RR\Documents\roteiro-leda-01\R01-01-Rot-SimpleSorting-Bidirectional-Bubble-environment\target\classes;C:\Users\RR\.m2\repository\junit\junit\4.13.1\junit-4.13.1.jar;C:\Users\RR\.m2\repository\org\hamcrest\hamcrest-core\1.3\hamcrest-core-1.3.jar;"/>
    <property name="java.vm.vendor" value="Oracle Corporation"/>
    <property name="sun.arch.data.model" value="64"/>
    <property name="user.variant" value=""/>
    <property name="java.vendor.url" value="https://java.oracle.com/"/>
    <property name="user.timezone" value="America/Sao_Paulo"/>
    <property name="os.name" value="Windows 10"/>
    <property name="java.vm.specification.version" value="22"/>
    <property name="sun.java.launcher" value="SUN_STANDARD"/>
    <property name="user.country" value="BR"/>
    <property name="sun.boot.library.path" value="C:\Program Files\Java\jdk-22\bin"/>
    <property name="sun.java.command" value="C:\Users\RR\AppData\Local\Temp\surefire14760387673533270815\surefirebooter-20240802151134968_3.jar C:\Users\RR\AppData\Local\Temp\surefire14760387673533270815 2024-08-02T15-11-33_931-jvmRun1 surefire-20240802151134968_1tmp surefire_0-20240802151134968_2tmp"/>
    <property name="jdk.debug" value="release"/>
    <property name="surefire.test.class.path" value="C:\Users\RR\Documents\roteiro-leda-01\R01-01-Rot-SimpleSorting-Bidirectional-Bubble-environment\target\test-classes;C:\Users\RR\Documents\roteiro-leda-01\R01-01-Rot-SimpleSorting-Bidirectional-Bubble-environment\target\classes;C:\Users\RR\.m2\repository\junit\junit\4.13.1\junit-4.13.1.jar;C:\Users\RR\.m2\repository\org\hamcrest\hamcrest-core\1.3\hamcrest-core-1.3.jar;"/>
    <property name="sun.cpu.endian" value="little"/>
    <property name="user.home" value="C:\Users\RR"/>
    <property name="user.language" value="pt"/>
    <property name="java.specification.vendor" value="Oracle Corporation"/>
    <property name="java.version.date" value="2024-04-16"/>
    <property name="java.home" value="C:\Program Files\Java\jdk-22"/>
    <property name="file.separator" value="\"/>
    <property name="basedir" value="C:\Users\RR\Documents\roteiro-leda-01\R01-01-Rot-SimpleSorting-Bidirectional-Bubble-environment"/>
    <property name="java.vm.compressedOopsMode" value="Zero based"/>
    <property name="line.separator" value="&#10;"/>
    <property name="java.vm.specification.vendor" value="Oracle Corporation"/>
    <property name="java.specification.name" value="Java Platform API Specification"/>
    <property name="surefire.real.class.path" value="C:\Users\RR\AppData\Local\Temp\surefire14760387673533270815\surefirebooter-20240802151134968_3.jar"/>
    <property name="user.script" value=""/>
    <property name="sun.management.compiler" value="HotSpot 64-Bit Tiered Compilers"/>
    <property name="java.runtime.version" value="22.0.1+8-16"/>
    <property name="user.name" value="RR"/>
    <property name="stdout.encoding" value="Cp1252"/>
    <property name="path.separator" value=";"/>
    <property name="os.version" value="10.0"/>
    <property name="java.runtime.name" value="Java(TM) SE Runtime Environment"/>
    <property name="file.encoding" value="UTF-8"/>
    <property name="java.vm.name" value="Java HotSpot(TM) 64-Bit Server VM"/>
    <property name="localRepository" value="C:\Users\RR\.m2\repository"/>
    <property name="java.vendor.url.bug" value="https://bugreport.java.com/bugreport/"/>
    <property name="java.io.tmpdir" value="C:\Users\RR\AppData\Local\Temp\"/>
    <property name="java.version" value="22.0.1"/>
    <property name="user.dir" value="C:\Users\RR\Documents\roteiro-leda-01\R01-01-Rot-SimpleSorting-Bidirectional-Bubble-environment"/>
    <property name="os.arch" value="amd64"/>
    <property name="java.vm.specification.name" value="Java Virtual Machine Specification"/>
    <property name="sun.os.patch.level" value=""/>
    <property name="native.encoding" value="Cp1252"/>
    <property name="java.library.path" value="C:\Program Files\Java\jdk-22\bin;C:\Windows\Sun\Java\bin;C:\Windows\system32;C:\Windows;C:\Program Files\Common Files\Oracle\Java\javapath;C:\Program Files (x86)\Common Files\Oracle\Java\java8path;C:\Program Files (x86)\Common Files\Oracle\Java\javapath;C:\Program Files (x86)\Common Files\Intel\Shared Libraries\redist\intel64\compiler;C:\Windows\system32;C:\Windows;C:\Windows\System32\Wbem;C:\Windows\System32\WindowsPowerShell\v1.0\;C:\Windows\System32\OpenSSH\;C:\Program Files (x86)\NVIDIA Corporation\PhysX\Common;C:\Users\RR\Downloads\apache-maven-3.9.8\bin;C:\Program Files\Git\cmd;C:\Users\RR\AppData\Local\Microsoft\WindowsApps;C:\Users\RR\AppData\Local\Programs\Microsoft VS Code\bin;C:\Users\RR\Downloads\apache-maven-3.9.8\bin;;."/>
    <property name="java.vm.info" value="mixed mode, sharing"/>
    <property name="stderr.encoding" value="Cp1252"/>
    <property name="java.vendor" value="Oracle Corporation"/>
    <property name="java.vm.version" value="22.0.1+8-16"/>
    <property name="sun.io.unicode.encoding" value="UnicodeLittle"/>
    <property name="java.class.version" value="66.0"/>
  </properties>
  <testcase name="testSelectionSortRecursivoSegundaMetadeArrayPar" classname="sorting.test.StudentSortingTest" time="0.007"/>
  <testcase name="testBubbleSortRecursivoArrayTamImpar" classname="sorting.test.StudentSortingTest" time="0.0"/>
  <testcase name="testSelectionSortLeftIndexNegativo" classname="sorting.test.StudentSortingTest" time="0.0"/>
  <testcase name="testBubbleSortBidirecionalArrayCrec" classname="sorting.test.StudentSortingTest" time="0.001"/>
  <testcase name="testSelectionSortArrayTamImpar" classname="sorting.test.StudentSortingTest" time="0.0"/>
  <testcase name="testInsertionSortSegundaMetadeArrayPar" classname="sorting.test.StudentSortingTest" time="0.001"/>
  <testcase name="testSelectionSortArrayValoresRepetidos" classname="sorting.test.StudentSortingTest" time="0.001"/>
  <testcase name="testSelectionSortRecursivoRightIndexNegativo" classname="sorting.test.StudentSortingTest" time="0.0"/>
  <testcase name="testSelectionSortRecursivoPrimeiraMetadeArrayImpar" classname="sorting.test.StudentSortingTest" time="0.0"/>
  <testcase name="testSelectionSortRecursivoPrimeiraMetadeArrayPar" classname="sorting.test.StudentSortingTest" time="0.001"/>
  <testcase name="testSelectionSortArrayTamPar" classname="sorting.test.StudentSortingTest" time="0.0"/>
  <testcase name="testBubbleSortBidirecionalArrayTamImpar" classname="sorting.test.StudentSortingTest" time="0.001"/>
  <testcase name="testInsertionSortArrayTamPar" classname="sorting.test.StudentSortingTest" time="0.0"/>
  <testcase name="testInsertionSortSegundaMetadeArrayImpar" classname="sorting.test.StudentSortingTest" time="0.0"/>
  <testcase name="testBubbleSortArrayElementosIguais" classname="sorting.test.StudentSortingTest" time="0.001"/>
  <testcase name="testBubbleSortBidirecionalPrimeiraMetadeArrayPar" classname="sorting.test.StudentSortingTest" time="0.001"/>
  <testcase name="testBubbleSortArrayTamImpar" classname="sorting.test.StudentSortingTest" time="0.0"/>
  <testcase name="testSelectionSortSegundaMetadeArrayPar" classname="sorting.test.StudentSortingTest" time="0.0"/>
  <testcase name="testBubbleSortRightIndexNegativo" classname="sorting.test.StudentSortingTest" time="0.001"/>
  <testcase name="testSelectionSortRecursivoElementosIguais" classname="sorting.test.StudentSortingTest" time="0.0"/>
  <testcase name="testSelectionSortRecursivoArrayCrec" classname="sorting.test.StudentSortingTest" time="0.0"/>
  <testcase name="testInsertionSortNegativoLeftIndex" classname="sorting.test.StudentSortingTest" time="0.001"/>
  <testcase name="testBubbleSortBidirecionalTamPar" classname="sorting.test.StudentSortingTest" time="0.0"/>
  <testcase name="testInsertionSortArrayTamImpar" classname="sorting.test.StudentSortingTest" time="0.0"/>
  <testcase name="testInsertionSortInvalidRightIndex" classname="sorting.test.StudentSortingTest" time="0.001"/>
  <testcase name="testSelectionSortElementosIguais" classname="sorting.test.StudentSortingTest" time="0.0"/>
  <testcase name="testSelectionSortPrimeiraMetadeArrayImpar" classname="sorting.test.StudentSortingTest" time="0.001"/>
  <testcase name="testBubbleSortArrayValoresRepetidos" classname="sorting.test.StudentSortingTest" time="0.0"/>
  <testcase name="testBubbleSortBidirecionalLeftIndexNegativo" classname="sorting.test.StudentSortingTest" time="0.0"/>
  <testcase name="testBubbleSortBidirecionalPrimeiraMetadeArrayImpar" classname="sorting.test.StudentSortingTest" time="0.0"/>
  <testcase name="testBubbleSortBidirecinalArrayElementosIguais" classname="sorting.test.StudentSortingTest" time="0.001"/>
  <testcase name="testBubbleSortArrayTamPar" classname="sorting.test.StudentSortingTest" time="0.0"/>
  <testcase name="testBubbleSortRecursivoRightIndexNegativo" classname="sorting.test.StudentSortingTest" time="0.0"/>
  <testcase name="testSelectionSortSegundaMetadeArrayImpar" classname="sorting.test.StudentSortingTest" time="0.001"/>
  <testcase name="testSelectionSortLeftMaiorRight" classname="sorting.test.StudentSortingTest" time="0.0"/>
  <testcase name="testBubbleSortBidirecionalRightIndexNegativo" classname="sorting.test.StudentSortingTest" time="0.0"/>
  <testcase name="testInsertionSortPrimeiraMetadeArrayPar" classname="sorting.test.StudentSortingTest" time="0.001"/>
  <testcase name="testBubbleSortBidirecionalSegundaMetadeArrayImpar" classname="sorting.test.StudentSortingTest" time="0.0"/>
  <testcase name="testSelectionSortArrayCrec" classname="sorting.test.StudentSortingTest" time="0.0"/>
  <testcase name="testBubbleSortBidirecionalArrayValoresRepetidos" classname="sorting.test.StudentSortingTest" time="0.0"/>
  <testcase name="testBubbleSortRecursivoArrayElementosIguais" classname="sorting.test.StudentSortingTest" time="0.001"/>
  <testcase name="testBubbleSortTamParRecursivo" classname="sorting.test.StudentSortingTest" time="0.0"/>
  <testcase name="testInsertionSortArrayCrec" classname="sorting.test.StudentSortingTest" time="0.0"/>
  <testcase name="testBubbleSortArrayCrec" classname="sorting.test.StudentSortingTest" time="0.001"/>
  <testcase name="testSelectionSortRecursivoSegundaMetadeArrayImpar" classname="sorting.test.StudentSortingTest" time="0.0"/>
  <testcase name="testBubbleSortRecursivoArrayCrec" classname="sorting.test.StudentSortingTest" time="0.001"/>
  <testcase name="testBubbleSortRecursivoArrayValoresRepetidos" classname="sorting.test.StudentSortingTest" time="0.0"/>
  <testcase name="testBubbleSortBidirecionalSegundaMetadeArrayPar" classname="sorting.test.StudentSortingTest" time="0.0"/>
  <testcase name="testSelectionSortPrimeiraMetadeArrayPar" classname="sorting.test.StudentSortingTest" time="0.0"/>
  <testcase name="testBubbleSortLeftIndexNegativo" classname="sorting.test.StudentSortingTest" time="0.001"/>
  <testcase name="testSelectionSortRecursivoArrayValoresRepetidos" classname="sorting.test.StudentSortingTest" time="0.0"/>
  <testcase name="testBubbleSortRecursivoLeftIndexNegativo" classname="sorting.test.StudentSortingTest" time="0.0"/>
  <testcase name="testInsertionSortElementosIguais" classname="sorting.test.StudentSortingTest" time="0.0"/>
  <testcase name="testInsertionSortArrayValoresRepetidos" classname="sorting.test.StudentSortingTest" time="0.0"/>
  <testcase name="testSelectionSortRightIndexNegativo" classname="sorting.test.StudentSortingTest" time="0.0"/>
  <testcase name="testSelectionSortRecursivoArrayTamImpar" classname="sorting.test.StudentSortingTest" time="0.0"/>
  <testcase name="testSelectionSortRecursivoArrayTamPar" classname="sorting.test.StudentSortingTest" time="0.0"/>
  <testcase name="testInsertionSortPrimeiraMetadeArrayImpar" classname="sorting.test.StudentSortingTest" time="0.0"/>
</testsuite>